Tests for ``say_my_name`` function in ``3-say_my_name`` module
==============================================================

Using ``say_my_name``
-------------------

Test Cases:
    >>> say_my_name = __import__('3-say_my_name').say_my_name

    >>> say_my_name()
    Traceback (most recent call last):
        ...
    TypeError: say_my_name() missing 1 required positional argument: 'first_name'

    >>> say_my_name(10)
    Traceback (most recent call last):
        ...
    TypeError: first_name must be a string

    >>> say_my_name('John', 10)
    Traceback (most recent call last):
        ...
    TypeError: last_name must be a string

    >>> say_my_name('')
    'My name is  '

    >>> say_my_name('John')
    'My name is John '

    >>> say_my_name('John', 'Ayarma')
    'My name is John Ayarma'
