Tests for ``print_square`` function in ``3-print_square`` module
==============================================================

Using ``print_square``
-------------------

Test Cases:
    >>> print_square = __import__('4-print_square').print_square

    >>> print_square()
    Traceback (most recent call last):
        ...
    TypeError: print_square() missing 1 required positional argument: 'size'

    >>> print_square('10')
    Traceback (most recent call last):
        ...
    TypeError: size must be an integer

    >>> print_square(1.0)
    Traceback (most recent call last):
        ...
    TypeError: size must be an integer

    >>> print_square(-1)
    Traceback (most recent call last):
        ...
    ValueError: size must be >= 0

    >>> print_square(0)
    
    >>> print_square(1)
    #
    >>> print_square(3)
    ###
    ###
    ###
